Arguments: 
  /home/chamber/.nvm/versions/node/v9.5.0/bin/node /usr/share/yarn/bin/yarn.js dev

PATH: 
  /home/chamber/.nvm/versions/node/v9.5.0/bin:/usr/local/sbin:/usr/local/bin:/usr/sbin:/usr/bin:/sbin:/bin:/usr/games:/usr/local/games:/opt/mssql-tools/bin:/opt/mssql-tools/bin:/opt/mssql-tools/bin

Yarn version: 
  1.5.1

Node version: 
  9.5.0

Platform: 
  linux x64

npm manifest: 
  {
    "name": "quayly-presenter",
    "version": "2.0.0",
    "description": "A boilerplate to create presentations using Reveal.JS, Gulp and more",
    "main": "index.js",
    "scripts": {
      "start": "./node_modules/.bin/gulp",
      "deploy": "./node_modules/.bin/gulp deploy-pages"
    },
    "keywords": [
      "reveal",
      "gulp",
      "stylus",
      "highlight"
    ],
    "author": "Willian Justen de Vasconcellos",
    "license": "ISC",
    "devDependencies": {
      "browser-sync": "2.23.6",
      "gulp": "3.9.1",
      "gulp-cache": "1.0.2",
      "gulp-concat": "2.6.1",
      "gulp-cssnano": "2.1.3",
      "gulp-gh-pages-will": "0.5.5",
      "gulp-imagemin": "4.1.0",
      "gulp-plumber": "1.2.0",
      "gulp-pug": "3.3.0",
      "gulp-stylus": "2.7.0",
      "gulp-uglify": "3.0.0",
      "gulp-util": "3.0.8"
    }
  }

yarn manifest: 
  No manifest

Lockfile: 
  No lockfile

Trace: 
  Error: Command "dev" not found.
      at new MessageError (/usr/share/yarn/lib/cli.js:186:110)
      at /usr/share/yarn/lib/cli.js:87307:17
      at Generator.next (<anonymous>)
      at step (/usr/share/yarn/lib/cli.js:98:30)
      at /usr/share/yarn/lib/cli.js:116:14
      at new Promise (<anonymous>)
      at new F (/usr/share/yarn/lib/cli.js:23451:28)
      at /usr/share/yarn/lib/cli.js:95:12
      at runCommand (/usr/share/yarn/lib/cli.js:87312:22)
      at Object.<anonymous> (/usr/share/yarn/lib/cli.js:87412:14)
